<?xml version="1.0" encoding="UTF-8"?>
<!-- Generated by org.testng.reporters.JUnitReportReporter -->
<testsuite hostname="DESKTOP-CCGKBQ7" failures="0" tests="6" name="api.test.DDTests" time="7.809" errors="0" timestamp="2024-07-16T17:50:35 IST" skipped="0">
  <testcase classname="api.test.DDTests" name="testPostUser" time="1.179"/>
  <testcase classname="api.test.DDTests" name="testPostUser" time="2.159"/>
  <testcase classname="api.test.DDTests" name="testPostUser" time="1.144"/>
  <testcase classname="api.test.DDTests" name="testDeleteUser" time="1.092"/>
  <testcase classname="api.test.DDTests" name="testDeleteUser" time="1.072"/>
  <testcase classname="api.test.DDTests" name="testDeleteUser" time="1.163"/>
</testsuite> <!-- api.test.DDTests -->
