<?xml version="1.0" encoding="UTF-8"?>
<!-- Generated by org.testng.reporters.JUnitReportReporter -->
<testsuite hostname="DESKTOP-CCGKBQ7" failures="0" tests="4" name="api.test.UserTests" time="11.900" errors="0" timestamp="2024-07-17T09:09:39 IST" skipped="0">
  <testcase classname="api.test.UserTests" name="testPostUser" time="5.617"/>
  <testcase classname="api.test.UserTests" name="testGetUser" time="1.683"/>
  <testcase classname="api.test.UserTests" name="testUpdateUser" time="3.170"/>
  <testcase classname="api.test.UserTests" name="testDeleteUser" time="1.430"/>
</testsuite> <!-- api.test.UserTests -->
