<?xml version="1.0" encoding="UTF-8"?>
<!-- Generated by org.testng.reporters.JUnitReportReporter -->
<testsuite hostname="DESKTOP-CCGKBQ7" failures="0" tests="6" name="api.test.DDTests" time="10.311" errors="0" timestamp="2024-07-17T09:09:39 IST" skipped="0">
  <testcase classname="api.test.DDTests" name="testPostUser" time="1.463"/>
  <testcase classname="api.test.DDTests" name="testPostUser" time="1.485"/>
  <testcase classname="api.test.DDTests" name="testPostUser" time="1.911"/>
  <testcase classname="api.test.DDTests" name="testDeleteUser" time="1.767"/>
  <testcase classname="api.test.DDTests" name="testDeleteUser" time="1.844"/>
  <testcase classname="api.test.DDTests" name="testDeleteUser" time="1.841"/>
</testsuite> <!-- api.test.DDTests -->
